{"/home/asad/Desktop/autocomplete/Server/readform.js":{"path":"/home/asad/Desktop/autocomplete/Server/readform.js","s":{"1":1,"2":1,"3":1,"4":1,"5":1},"b":{},"f":{"1":1},"fnMap":{"1":{"name":"show","line":3,"loc":{"start":{"line":3,"column":0},"end":{"line":3,"column":22}}}},"statementMap":{"1":{"start":{"line":1,"column":0},"end":{"line":1,"column":23}},"2":{"start":{"line":2,"column":0},"end":{"line":2,"column":55}},"3":{"start":{"line":3,"column":0},"end":{"line":4,"column":19}},"4":{"start":{"line":4,"column":2},"end":{"line":4,"column":18}},"5":{"start":{"line":6,"column":2},"end":{"line":8,"column":3}}},"branchMap":{}}}